<?xml version="1.0" encoding="UTF-8"?>
<testng-results skipped="4" failed="0" ignored="6" total="21" passed="11">
  <reporter-output>
  </reporter-output>
  <suite name="Google Cloud Storage CLI Tests" duration-ms="105329" started-at="2025-03-12T17:54:13Z" finished-at="2025-03-12T17:55:58Z">
    <groups>
    </groups>
    <test name="Command Tests" duration-ms="105329" started-at="2025-03-12T17:54:13Z" finished-at="2025-03-12T17:55:58Z">
      <class name="com.googlecloud.testing.commands.SignUrlCommandTest">
        <test-method status="PASS" signature="suiteSetup()[pri:0, instance:com.googlecloud.testing.commands.SignUrlCommandTest@7a52f2a2]" name="suiteSetup" is-config="true" duration-ms="12220" started-at="2025-03-12T17:54:01Z" finished-at="2025-03-12T17:54:13Z">
          <reporter-output>
          </reporter-output>
        </test-method> <!-- suiteSetup -->
        <test-method status="PASS" signature="setUp()[pri:0, instance:com.googlecloud.testing.commands.SignUrlCommandTest@7a52f2a2]" name="setUp" is-config="true" duration-ms="15591" started-at="2025-03-12T17:54:13Z" finished-at="2025-03-12T17:54:28Z">
          <reporter-output>
          </reporter-output>
        </test-method> <!-- setUp -->
        <test-method status="PASS" signature="testSignUrlGeneratesValidUrl()[pri:0, instance:com.googlecloud.testing.commands.SignUrlCommandTest@7a52f2a2]" name="testSignUrlGeneratesValidUrl" duration-ms="9033" started-at="2025-03-12T17:54:28Z" finished-at="2025-03-12T17:54:38Z">
          <reporter-output>
          </reporter-output>
        </test-method> <!-- testSignUrlGeneratesValidUrl -->
        <test-method status="PASS" signature="setUp()[pri:0, instance:com.googlecloud.testing.commands.SignUrlCommandTest@7a52f2a2]" name="setUp" is-config="true" duration-ms="16660" started-at="2025-03-12T17:54:38Z" finished-at="2025-03-12T17:54:54Z">
          <reporter-output>
          </reporter-output>
        </test-method> <!-- setUp -->
        <test-method status="PASS" signature="testSignUrlWithDifferentDurations()[pri:0, instance:com.googlecloud.testing.commands.SignUrlCommandTest@7a52f2a2]" name="testSignUrlWithDifferentDurations" duration-ms="7671" started-at="2025-03-12T17:54:54Z" finished-at="2025-03-12T17:55:02Z">
          <reporter-output>
          </reporter-output>
        </test-method> <!-- testSignUrlWithDifferentDurations -->
        <test-method status="PASS" signature="setUp()[pri:0, instance:com.googlecloud.testing.commands.SignUrlCommandTest@7a52f2a2]" name="setUp" is-config="true" duration-ms="13732" started-at="2025-03-12T17:55:02Z" finished-at="2025-03-12T17:55:16Z">
          <reporter-output>
          </reporter-output>
        </test-method> <!-- setUp -->
        <test-method status="PASS" signature="testSignUrlWithInvalidParameters()[pri:0, instance:com.googlecloud.testing.commands.SignUrlCommandTest@7a52f2a2]" name="testSignUrlWithInvalidParameters" duration-ms="3509" started-at="2025-03-12T17:55:16Z" finished-at="2025-03-12T17:55:19Z">
          <reporter-output>
          </reporter-output>
        </test-method> <!-- testSignUrlWithInvalidParameters -->
        <test-method status="PASS" signature="suiteTeardown()[pri:0, instance:com.googlecloud.testing.commands.SignUrlCommandTest@7a52f2a2]" name="suiteTeardown" is-config="true" duration-ms="17131" started-at="2025-03-12T17:55:58Z" finished-at="2025-03-12T17:56:15Z">
          <reporter-output>
          </reporter-output>
        </test-method> <!-- suiteTeardown -->
      </class> <!-- com.googlecloud.testing.commands.SignUrlCommandTest -->
      <class name="com.googlecloud.testing.commands.CreateBucketCommandTest">
        <test-method status="SKIP" signature="testCreateBucket()[pri:0, instance:com.googlecloud.testing.commands.CreateBucketCommandTest@79ca92b9]" name="testCreateBucket" duration-ms="5" started-at="2025-03-12T17:54:13Z" finished-at="2025-03-12T17:54:13Z">
          <exception class="org.testng.SkipException">
            <message>
              <![CDATA[Skipping due to lack of bucket creation permissions]]>
            </message>
            <full-stacktrace>
              <![CDATA[org.testng.SkipException: Skipping due to lack of bucket creation permissions
at com.googlecloud.testing.commands.CreateBucketCommandTest.testCreateBucket(CreateBucketCommandTest.java:19)
at sun.reflect.NativeMethodAccessorImpl.invoke0(Native Method)
at sun.reflect.NativeMethodAccessorImpl.invoke(NativeMethodAccessorImpl.java:62)
at sun.reflect.DelegatingMethodAccessorImpl.invoke(DelegatingMethodAccessorImpl.java:43)
at java.lang.reflect.Method.invoke(Method.java:498)
at org.testng.internal.MethodInvocationHelper.invokeMethod(MethodInvocationHelper.java:124)
at org.testng.internal.Invoker.invokeMethod(Invoker.java:583)
at org.testng.internal.Invoker.invokeTestMethod(Invoker.java:719)
at org.testng.internal.Invoker.invokeTestMethods(Invoker.java:989)
at org.testng.internal.TestMethodWorker.invokeTestMethods(TestMethodWorker.java:125)
at org.testng.internal.TestMethodWorker.run(TestMethodWorker.java:109)
at java.util.concurrent.ThreadPoolExecutor.runWorker(ThreadPoolExecutor.java:1149)
at java.util.concurrent.ThreadPoolExecutor$Worker.run(ThreadPoolExecutor.java:624)
at java.lang.Thread.run(Thread.java:750)
]]>
            </full-stacktrace>
          </exception> <!-- org.testng.SkipException -->
          <reporter-output>
          </reporter-output>
        </test-method> <!-- testCreateBucket -->
        <test-method status="SKIP" signature="testCreateBucketWithInvalidName()[pri:0, instance:com.googlecloud.testing.commands.CreateBucketCommandTest@79ca92b9]" name="testCreateBucketWithInvalidName" duration-ms="1" started-at="2025-03-12T17:54:13Z" finished-at="2025-03-12T17:54:13Z">
          <exception class="org.testng.SkipException">
            <message>
              <![CDATA[Skipping due to lack of bucket creation permissions]]>
            </message>
            <full-stacktrace>
              <![CDATA[org.testng.SkipException: Skipping due to lack of bucket creation permissions
at com.googlecloud.testing.commands.CreateBucketCommandTest.testCreateBucketWithInvalidName(CreateBucketCommandTest.java:71)
at sun.reflect.NativeMethodAccessorImpl.invoke0(Native Method)
at sun.reflect.NativeMethodAccessorImpl.invoke(NativeMethodAccessorImpl.java:62)
at sun.reflect.DelegatingMethodAccessorImpl.invoke(DelegatingMethodAccessorImpl.java:43)
at java.lang.reflect.Method.invoke(Method.java:498)
at org.testng.internal.MethodInvocationHelper.invokeMethod(MethodInvocationHelper.java:124)
at org.testng.internal.Invoker.invokeMethod(Invoker.java:583)
at org.testng.internal.Invoker.invokeTestMethod(Invoker.java:719)
at org.testng.internal.Invoker.invokeTestMethods(Invoker.java:989)
at org.testng.internal.TestMethodWorker.invokeTestMethods(TestMethodWorker.java:125)
at org.testng.internal.TestMethodWorker.run(TestMethodWorker.java:109)
at java.util.concurrent.ThreadPoolExecutor.runWorker(ThreadPoolExecutor.java:1149)
at java.util.concurrent.ThreadPoolExecutor$Worker.run(ThreadPoolExecutor.java:624)
at java.lang.Thread.run(Thread.java:750)
]]>
            </full-stacktrace>
          </exception> <!-- org.testng.SkipException -->
          <reporter-output>
          </reporter-output>
        </test-method> <!-- testCreateBucketWithInvalidName -->
        <test-method status="SKIP" signature="testCreateBucketWithLocation()[pri:0, instance:com.googlecloud.testing.commands.CreateBucketCommandTest@79ca92b9]" name="testCreateBucketWithLocation" duration-ms="1" started-at="2025-03-12T17:54:13Z" finished-at="2025-03-12T17:54:13Z">
          <exception class="org.testng.SkipException">
            <message>
              <![CDATA[Skipping due to lack of bucket creation permissions]]>
            </message>
            <full-stacktrace>
              <![CDATA[org.testng.SkipException: Skipping due to lack of bucket creation permissions
at com.googlecloud.testing.commands.CreateBucketCommandTest.testCreateBucketWithLocation(CreateBucketCommandTest.java:53)
at sun.reflect.NativeMethodAccessorImpl.invoke0(Native Method)
at sun.reflect.NativeMethodAccessorImpl.invoke(NativeMethodAccessorImpl.java:62)
at sun.reflect.DelegatingMethodAccessorImpl.invoke(DelegatingMethodAccessorImpl.java:43)
at java.lang.reflect.Method.invoke(Method.java:498)
at org.testng.internal.MethodInvocationHelper.invokeMethod(MethodInvocationHelper.java:124)
at org.testng.internal.Invoker.invokeMethod(Invoker.java:583)
at org.testng.internal.Invoker.invokeTestMethod(Invoker.java:719)
at org.testng.internal.Invoker.invokeTestMethods(Invoker.java:989)
at org.testng.internal.TestMethodWorker.invokeTestMethods(TestMethodWorker.java:125)
at org.testng.internal.TestMethodWorker.run(TestMethodWorker.java:109)
at java.util.concurrent.ThreadPoolExecutor.runWorker(ThreadPoolExecutor.java:1149)
at java.util.concurrent.ThreadPoolExecutor$Worker.run(ThreadPoolExecutor.java:624)
at java.lang.Thread.run(Thread.java:750)
]]>
            </full-stacktrace>
          </exception> <!-- org.testng.SkipException -->
          <reporter-output>
          </reporter-output>
        </test-method> <!-- testCreateBucketWithLocation -->
        <test-method status="SKIP" signature="testCreateExistingBucket()[pri:0, instance:com.googlecloud.testing.commands.CreateBucketCommandTest@79ca92b9]" name="testCreateExistingBucket" duration-ms="2" started-at="2025-03-12T17:54:13Z" finished-at="2025-03-12T17:54:13Z">
          <exception class="org.testng.SkipException">
            <message>
              <![CDATA[Skipping due to lack of bucket creation permissions]]>
            </message>
            <full-stacktrace>
              <![CDATA[org.testng.SkipException: Skipping due to lack of bucket creation permissions
at com.googlecloud.testing.commands.CreateBucketCommandTest.testCreateExistingBucket(CreateBucketCommandTest.java:62)
at sun.reflect.NativeMethodAccessorImpl.invoke0(Native Method)
at sun.reflect.NativeMethodAccessorImpl.invoke(NativeMethodAccessorImpl.java:62)
at sun.reflect.DelegatingMethodAccessorImpl.invoke(DelegatingMethodAccessorImpl.java:43)
at java.lang.reflect.Method.invoke(Method.java:498)
at org.testng.internal.MethodInvocationHelper.invokeMethod(MethodInvocationHelper.java:124)
at org.testng.internal.Invoker.invokeMethod(Invoker.java:583)
at org.testng.internal.Invoker.invokeTestMethod(Invoker.java:719)
at org.testng.internal.Invoker.invokeTestMethods(Invoker.java:989)
at org.testng.internal.TestMethodWorker.invokeTestMethods(TestMethodWorker.java:125)
at org.testng.internal.TestMethodWorker.run(TestMethodWorker.java:109)
at java.util.concurrent.ThreadPoolExecutor.runWorker(ThreadPoolExecutor.java:1149)
at java.util.concurrent.ThreadPoolExecutor$Worker.run(ThreadPoolExecutor.java:624)
at java.lang.Thread.run(Thread.java:750)
]]>
            </full-stacktrace>
          </exception> <!-- org.testng.SkipException -->
          <reporter-output>
          </reporter-output>
        </test-method> <!-- testCreateExistingBucket -->
      </class> <!-- com.googlecloud.testing.commands.CreateBucketCommandTest -->
      <class name="com.googlecloud.testing.commands.CopyCommandTest">
        <test-method status="PASS" signature="setUp()[pri:0, instance:com.googlecloud.testing.commands.CopyCommandTest@8909f18]" name="setUp" is-config="true" duration-ms="3" started-at="2025-03-12T17:54:13Z" finished-at="2025-03-12T17:54:13Z">
          <reporter-output>
          </reporter-output>
        </test-method> <!-- setUp -->
        <test-method status="PASS" signature="testCopyCloudToCloud()[pri:0, instance:com.googlecloud.testing.commands.CopyCommandTest@8909f18]" name="testCopyCloudToCloud" duration-ms="33997" started-at="2025-03-12T17:54:13Z" finished-at="2025-03-12T17:54:47Z">
          <reporter-output>
          </reporter-output>
        </test-method> <!-- testCopyCloudToCloud -->
        <test-method status="PASS" signature="setUp()[pri:0, instance:com.googlecloud.testing.commands.CopyCommandTest@8909f18]" name="setUp" is-config="true" duration-ms="3" started-at="2025-03-12T17:54:47Z" finished-at="2025-03-12T17:54:47Z">
          <reporter-output>
          </reporter-output>
        </test-method> <!-- setUp -->
        <test-method status="PASS" signature="testCopyCloudToLocal()[pri:0, instance:com.googlecloud.testing.commands.CopyCommandTest@8909f18]" name="testCopyCloudToLocal" duration-ms="21385" started-at="2025-03-12T17:54:47Z" finished-at="2025-03-12T17:55:08Z">
          <reporter-output>
          </reporter-output>
        </test-method> <!-- testCopyCloudToLocal -->
        <test-method status="PASS" signature="setUp()[pri:0, instance:com.googlecloud.testing.commands.CopyCommandTest@8909f18]" name="setUp" is-config="true" duration-ms="2" started-at="2025-03-12T17:55:08Z" finished-at="2025-03-12T17:55:08Z">
          <reporter-output>
          </reporter-output>
        </test-method> <!-- setUp -->
        <test-method status="PASS" signature="testCopyLocalToCloud()[pri:0, instance:com.googlecloud.testing.commands.CopyCommandTest@8909f18]" name="testCopyLocalToCloud" duration-ms="13513" started-at="2025-03-12T17:55:08Z" finished-at="2025-03-12T17:55:22Z">
          <reporter-output>
          </reporter-output>
        </test-method> <!-- testCopyLocalToCloud -->
        <test-method status="PASS" signature="setUp()[pri:0, instance:com.googlecloud.testing.commands.CopyCommandTest@8909f18]" name="setUp" is-config="true" duration-ms="2" started-at="2025-03-12T17:55:22Z" finished-at="2025-03-12T17:55:22Z">
          <reporter-output>
          </reporter-output>
        </test-method> <!-- setUp -->
        <test-method status="PASS" signature="testCopyWithRecursiveFlag()[pri:0, instance:com.googlecloud.testing.commands.CopyCommandTest@8909f18]" name="testCopyWithRecursiveFlag" duration-ms="23029" started-at="2025-03-12T17:55:22Z" finished-at="2025-03-12T17:55:45Z">
          <reporter-output>
          </reporter-output>
        </test-method> <!-- testCopyWithRecursiveFlag -->
      </class> <!-- com.googlecloud.testing.commands.CopyCommandTest -->
      <class name="com.googlecloud.testing.commands.ListCommandTest">
        <test-method status="PASS" signature="setUp()[pri:0, instance:com.googlecloud.testing.commands.ListCommandTest@78047b92]" name="setUp" is-config="true" duration-ms="23732" started-at="2025-03-12T17:54:13Z" finished-at="2025-03-12T17:54:37Z">
          <reporter-output>
          </reporter-output>
        </test-method> <!-- setUp -->
        <test-method status="PASS" signature="testListBuckets()[pri:0, instance:com.googlecloud.testing.commands.ListCommandTest@78047b92]" name="testListBuckets" duration-ms="5086" started-at="2025-03-12T17:54:37Z" finished-at="2025-03-12T17:54:42Z">
          <reporter-output>
          </reporter-output>
        </test-method> <!-- testListBuckets -->
        <test-method status="PASS" signature="setUp()[pri:0, instance:com.googlecloud.testing.commands.ListCommandTest@78047b92]" name="setUp" is-config="true" duration-ms="22200" started-at="2025-03-12T17:54:42Z" finished-at="2025-03-12T17:55:04Z">
          <reporter-output>
          </reporter-output>
        </test-method> <!-- setUp -->
        <test-method status="PASS" signature="testListFilesInBucket()[pri:0, instance:com.googlecloud.testing.commands.ListCommandTest@78047b92]" name="testListFilesInBucket" duration-ms="3981" started-at="2025-03-12T17:55:04Z" finished-at="2025-03-12T17:55:08Z">
          <reporter-output>
          </reporter-output>
        </test-method> <!-- testListFilesInBucket -->
        <test-method status="PASS" signature="setUp()[pri:0, instance:com.googlecloud.testing.commands.ListCommandTest@78047b92]" name="setUp" is-config="true" duration-ms="18389" started-at="2025-03-12T17:55:08Z" finished-at="2025-03-12T17:55:26Z">
          <reporter-output>
          </reporter-output>
        </test-method> <!-- setUp -->
        <test-method status="PASS" signature="testListWithLongFormat()[pri:0, instance:com.googlecloud.testing.commands.ListCommandTest@78047b92]" name="testListWithLongFormat" duration-ms="10191" started-at="2025-03-12T17:55:26Z" finished-at="2025-03-12T17:55:36Z">
          <reporter-output>
          </reporter-output>
        </test-method> <!-- testListWithLongFormat -->
        <test-method status="PASS" signature="setUp()[pri:0, instance:com.googlecloud.testing.commands.ListCommandTest@78047b92]" name="setUp" is-config="true" duration-ms="16914" started-at="2025-03-12T17:55:36Z" finished-at="2025-03-12T17:55:53Z">
          <reporter-output>
          </reporter-output>
        </test-method> <!-- setUp -->
        <test-method status="PASS" signature="testListWithPattern()[pri:0, instance:com.googlecloud.testing.commands.ListCommandTest@78047b92]" name="testListWithPattern" duration-ms="4804" started-at="2025-03-12T17:55:53Z" finished-at="2025-03-12T17:55:58Z">
          <reporter-output>
          </reporter-output>
        </test-method> <!-- testListWithPattern -->
      </class> <!-- com.googlecloud.testing.commands.ListCommandTest -->
    </test> <!-- Command Tests -->
  </suite> <!-- Google Cloud Storage CLI Tests -->
</testng-results>
